  CommonTools.cpp
  Game.cpp
  Game_Objects.cpp
C:\Users\Anrokyr\Desktop\project\git\Terra\Terra\Terra\Game_Objects.cpp(31,33): warning C4244: аргумент: преобразование "int" в "float", возможна потеря данных
C:\Users\Anrokyr\Desktop\project\git\Terra\Terra\Terra\Game_Objects.cpp(31,30): warning C4244: аргумент: преобразование "int" в "float", возможна потеря данных
C:\Users\Anrokyr\Desktop\project\git\Terra\Terra\Terra\Game_Objects.cpp(60,55): warning C4244: аргумент: преобразование "const int" в "T", возможна потеря данных
          with
          [
              T=float
          ]
C:\Users\Anrokyr\Desktop\project\git\Terra\Terra\Terra\Game_Objects.cpp(60,52): warning C4244: аргумент: преобразование "const int" в "T", возможна потеря данных
          with
          [
              T=float
          ]
  Game_State.cpp
  main.cpp
  menu.cpp
C:\Users\Anrokyr\Desktop\project\git\Terra\Terra\Terra\menu.cpp(168,67): warning C4244: аргумент: преобразование "const T" в "unsigned int", возможна потеря данных
          with
          [
              T=float
          ]
C:\Users\Anrokyr\Desktop\project\git\Terra\Terra\Terra\menu.cpp(168,43): warning C4244: аргумент: преобразование "const T" в "unsigned int", возможна потеря данных
          with
          [
              T=float
          ]
C:\Users\Anrokyr\Desktop\project\git\Terra\Terra\Terra\menu.cpp(177,62): warning C4244: аргумент: преобразование "float" в "int", возможна потеря данных
C:\Users\Anrokyr\Desktop\project\git\Terra\Terra\Terra\menu.cpp(177,40): warning C4244: аргумент: преобразование "float" в "int", возможна потеря данных
  Units.cpp
  Создание кода...
C:\Users\Anrokyr\Desktop\project\git\Terra\Terra\Terra\CommonTools.cpp(96): warning C4715: inventory::operator[]: значение возвращается не при всех путях выполнения
  Terra.vcxproj -> C:\Users\Anrokyr\Desktop\project\git\Terra\Terra\Debug\Terra.exe
